[INFO][server.go:39] 2022/08/24 00:01:54 start listen
[INFO][server.go:66] 2022/08/24 00:01:55 accepted link
[INFO][server.go:49] 2022/08/24 00:12:34 shutting down
[INFO][handler.go:110] 2022/08/24 00:12:34 handler shutting down...
[INFO][handler.go:72] 2022/08/24 00:12:34 connection closed: 127.0.0.1:14280
[INFO][handler.go:110] 2022/08/24 00:12:34 handler shutting down...
[INFO][server.go:39] 2022/08/24 00:14:28 start listen
[INFO][server.go:66] 2022/08/24 00:14:33 accepted link
[INFO][server.go:49] 2022/08/24 00:58:28 shutting down
[INFO][handler.go:110] 2022/08/24 00:58:28 handler shutting down...
[INFO][handler.go:72] 2022/08/24 00:58:28 connection closed: 127.0.0.1:14771
[INFO][handler.go:110] 2022/08/24 00:58:28 handler shutting down...
[INFO][server.go:39] 2022/08/24 00:58:32 start listen
[INFO][server.go:66] 2022/08/24 00:58:33 accepted link
[INFO][server.go:49] 2022/08/24 01:03:05 shutting down
[INFO][handler.go:110] 2022/08/24 01:03:05 handler shutting down...
[INFO][handler.go:72] 2022/08/24 01:03:05 connection closed: 127.0.0.1:2465
[INFO][handler.go:110] 2022/08/24 01:03:05 handler shutting down...
[INFO][server.go:39] 2022/08/24 01:03:23 start listen
[INFO][server.go:66] 2022/08/24 01:03:25 accepted link
[INFO][handler.go:72] 2022/08/24 01:03:34 connection closed: 127.0.0.1:2611
[INFO][server.go:66] 2022/08/24 01:03:34 accepted link
[INFO][server.go:49] 2022/08/24 01:10:30 shutting down
[INFO][handler.go:110] 2022/08/24 01:10:30 handler shutting down...
[INFO][handler.go:72] 2022/08/24 01:10:30 connection closed: 127.0.0.1:2618
[INFO][handler.go:110] 2022/08/24 01:10:30 handler shutting down...
[INFO][server.go:39] 2022/08/24 01:10:33 start listen
[INFO][server.go:66] 2022/08/24 01:10:35 accepted link
[INFO][server.go:49] 2022/08/24 01:11:34 shutting down
[INFO][handler.go:110] 2022/08/24 01:11:34 handler shutting down...
[INFO][handler.go:72] 2022/08/24 01:11:34 connection closed: 127.0.0.1:2845
[INFO][handler.go:110] 2022/08/24 01:11:34 handler shutting down...
[INFO][server.go:39] 2022/08/24 01:12:06 start listen
[INFO][server.go:66] 2022/08/24 01:12:09 accepted link
[INFO][handler.go:72] 2022/08/24 01:12:14 connection closed: 127.0.0.1:2900
[INFO][server.go:66] 2022/08/24 01:12:15 accepted link
[INFO][server.go:49] 2022/08/24 01:12:33 shutting down
[INFO][handler.go:110] 2022/08/24 01:12:33 handler shutting down...
[INFO][handler.go:72] 2022/08/24 01:12:33 connection closed: 127.0.0.1:2903
[INFO][handler.go:110] 2022/08/24 01:12:33 handler shutting down...
[INFO][server.go:39] 2022/08/24 01:13:03 start listen
[INFO][server.go:66] 2022/08/24 01:13:03 accepted link
[INFO][server.go:49] 2022/08/24 01:13:33 shutting down
[INFO][handler.go:110] 2022/08/24 01:13:33 handler shutting down...
[INFO][handler.go:72] 2022/08/24 01:13:33 connection closed: 127.0.0.1:2938
[INFO][handler.go:110] 2022/08/24 01:13:33 handler shutting down...
[INFO][server.go:39] 2022/08/24 01:13:37 start listen
[INFO][server.go:66] 2022/08/24 01:13:38 accepted link
[INFO][server.go:49] 2022/08/24 01:14:30 shutting down
[INFO][handler.go:110] 2022/08/24 01:14:30 handler shutting down...
[INFO][handler.go:72] 2022/08/24 01:14:30 connection closed: 127.0.0.1:2956
[INFO][handler.go:110] 2022/08/24 01:14:30 handler shutting down...
[INFO][server.go:39] 2022/08/24 01:14:33 start listen
[INFO][server.go:66] 2022/08/24 01:14:35 accepted link
[INFO][server.go:49] 2022/08/24 01:21:01 shutting down
[INFO][handler.go:110] 2022/08/24 01:21:01 handler shutting down...
[INFO][handler.go:72] 2022/08/24 01:21:01 connection closed: 127.0.0.1:2986
[INFO][handler.go:110] 2022/08/24 01:21:01 handler shutting down...
[INFO][server.go:39] 2022/08/24 01:21:04 start listen
[INFO][server.go:66] 2022/08/24 01:21:06 accepted link
[INFO][server.go:49] 2022/08/24 01:27:05 shutting down
[INFO][handler.go:110] 2022/08/24 01:27:05 handler shutting down...
[INFO][handler.go:72] 2022/08/24 01:27:05 connection closed: 127.0.0.1:3192
[INFO][handler.go:110] 2022/08/24 01:27:05 handler shutting down...
[INFO][server.go:39] 2022/08/24 01:32:42 start listen
[INFO][server.go:66] 2022/08/24 01:32:50 accepted link
[INFO][server.go:49] 2022/08/24 01:35:31 shutting down
[INFO][handler.go:110] 2022/08/24 01:35:31 handler shutting down...
[INFO][handler.go:72] 2022/08/24 01:35:31 connection closed: 127.0.0.1:3551
[INFO][handler.go:110] 2022/08/24 01:35:31 handler shutting down...
[INFO][server.go:39] 2022/08/24 01:35:34 start listen
[INFO][server.go:66] 2022/08/24 01:35:36 accepted link
[INFO][server.go:49] 2022/08/24 01:51:57 shutting down
[INFO][handler.go:110] 2022/08/24 01:51:57 handler shutting down...
[INFO][handler.go:72] 2022/08/24 01:51:57 connection closed: 127.0.0.1:3635
[INFO][handler.go:110] 2022/08/24 01:51:57 handler shutting down...
[INFO][server.go:39] 2022/08/24 01:52:00 start listen
[INFO][server.go:66] 2022/08/24 01:52:02 accepted link
[INFO][server.go:49] 2022/08/24 02:06:43 shutting down
[INFO][handler.go:110] 2022/08/24 02:06:43 handler shutting down...
[INFO][handler.go:72] 2022/08/24 02:06:43 connection closed: 127.0.0.1:4194
[INFO][handler.go:110] 2022/08/24 02:06:43 handler shutting down...
[INFO][server.go:39] 2022/08/24 02:06:47 start listen
[INFO][server.go:66] 2022/08/24 02:06:48 accepted link
[INFO][server.go:49] 2022/08/24 02:06:54 shutting down
[INFO][handler.go:110] 2022/08/24 02:06:54 handler shutting down...
[INFO][handler.go:72] 2022/08/24 02:06:54 connection closed: 127.0.0.1:4654
[INFO][handler.go:110] 2022/08/24 02:06:54 handler shutting down...
[INFO][server.go:39] 2022/08/24 02:06:57 start listen
[INFO][server.go:66] 2022/08/24 02:06:59 accepted link
[INFO][server.go:49] 2022/08/24 02:08:13 shutting down
[INFO][handler.go:110] 2022/08/24 02:08:13 handler shutting down...
[INFO][handler.go:72] 2022/08/24 02:08:13 connection closed: 127.0.0.1:4667
[INFO][handler.go:110] 2022/08/24 02:08:13 handler shutting down...
[INFO][server.go:39] 2022/08/24 02:08:16 start listen
[INFO][server.go:66] 2022/08/24 02:08:18 accepted link
[INFO][server.go:49] 2022/08/24 02:08:57 shutting down
[INFO][handler.go:110] 2022/08/24 02:08:57 handler shutting down...
[INFO][handler.go:72] 2022/08/24 02:08:57 connection closed: 127.0.0.1:4711
[INFO][handler.go:110] 2022/08/24 02:08:57 handler shutting down...
[INFO][server.go:39] 2022/08/24 02:09:00 start listen
[INFO][server.go:66] 2022/08/24 02:09:02 accepted link
[INFO][server.go:49] 2022/08/24 02:09:12 shutting down
[INFO][handler.go:110] 2022/08/24 02:09:12 handler shutting down...
[INFO][handler.go:72] 2022/08/24 02:09:12 connection closed: 127.0.0.1:4745
[INFO][handler.go:110] 2022/08/24 02:09:12 handler shutting down...
[INFO][server.go:39] 2022/08/24 02:09:17 start listen
[INFO][server.go:66] 2022/08/24 02:09:17 accepted link
[INFO][server.go:49] 2022/08/24 02:09:20 shutting down
[INFO][handler.go:110] 2022/08/24 02:09:20 handler shutting down...
[INFO][handler.go:72] 2022/08/24 02:09:20 connection closed: 127.0.0.1:4752
[INFO][handler.go:110] 2022/08/24 02:09:20 handler shutting down...
[INFO][server.go:39] 2022/08/24 02:09:30 start listen
[INFO][server.go:66] 2022/08/24 02:09:32 accepted link
[INFO][server.go:49] 2022/08/24 02:09:41 shutting down
[INFO][handler.go:110] 2022/08/24 02:09:41 handler shutting down...
[INFO][handler.go:72] 2022/08/24 02:09:41 connection closed: 127.0.0.1:4765
[INFO][handler.go:110] 2022/08/24 02:09:41 handler shutting down...
[INFO][server.go:39] 2022/08/24 02:12:06 start listen
[INFO][server.go:49] 2022/08/24 02:12:09 shutting down
[INFO][handler.go:110] 2022/08/24 02:12:09 handler shutting down...
[INFO][server.go:39] 2022/08/24 02:14:00 start listen
[INFO][server.go:66] 2022/08/24 02:14:56 accepted link
[INFO][server.go:49] 2022/08/24 02:19:14 shutting down
[INFO][handler.go:110] 2022/08/24 02:19:14 handler shutting down...
[INFO][handler.go:72] 2022/08/24 02:19:14 connection closed: 127.0.0.1:4932
[INFO][handler.go:110] 2022/08/24 02:19:14 handler shutting down...
[INFO][server.go:39] 2022/08/24 02:20:26 start listen
[INFO][server.go:66] 2022/08/24 02:20:45 accepted link
[INFO][server.go:49] 2022/08/24 02:20:57 shutting down
[INFO][handler.go:110] 2022/08/24 02:20:57 handler shutting down...
[INFO][handler.go:72] 2022/08/24 02:20:57 connection closed: 127.0.0.1:5227
[INFO][handler.go:110] 2022/08/24 02:20:57 handler shutting down...
[INFO][server.go:39] 2022/08/24 02:22:02 start listen
[INFO][server.go:49] 2022/08/24 02:23:34 shutting down
[INFO][handler.go:110] 2022/08/24 02:23:34 handler shutting down...
[ERROR][aof.go:97] 2022/08/24 02:23:45 open appendonly.aof: The system cannot find the file specified.
[INFO][server.go:39] 2022/08/24 02:23:45 start listen
[INFO][server.go:66] 2022/08/24 02:24:11 accepted link
[INFO][server.go:49] 2022/08/24 02:24:35 shutting down
[INFO][handler.go:110] 2022/08/24 02:24:35 handler shutting down...
[INFO][handler.go:72] 2022/08/24 02:24:35 connection closed: 127.0.0.1:5345
[INFO][handler.go:110] 2022/08/24 02:24:35 handler shutting down...
[ERROR][aof.go:97] 2022/08/24 02:24:47 open appendonly.aof: The system cannot find the file specified.
[INFO][server.go:39] 2022/08/24 02:24:47 start listen
[INFO][server.go:66] 2022/08/24 02:24:47 accepted link
[INFO][server.go:49] 2022/08/24 02:24:59 shutting down
[INFO][handler.go:110] 2022/08/24 02:24:59 handler shutting down...
[INFO][handler.go:72] 2022/08/24 02:24:59 connection closed: 127.0.0.1:5370
[INFO][handler.go:110] 2022/08/24 02:24:59 handler shutting down...
[INFO][server.go:39] 2022/08/24 02:25:03 start listen
[INFO][server.go:66] 2022/08/24 02:25:04 accepted link
[INFO][server.go:49] 2022/08/24 02:26:25 shutting down
[INFO][handler.go:110] 2022/08/24 02:26:25 handler shutting down...
[INFO][handler.go:72] 2022/08/24 02:26:25 connection closed: 127.0.0.1:5386
[INFO][handler.go:110] 2022/08/24 02:26:25 handler shutting down...
[ERROR][aof.go:97] 2022/08/24 02:26:34 open appendonly.aof: The system cannot find the file specified.
[INFO][server.go:39] 2022/08/24 02:26:34 start listen
[INFO][server.go:66] 2022/08/24 02:26:35 accepted link
[INFO][server.go:49] 2022/08/24 02:26:40 shutting down
[INFO][handler.go:110] 2022/08/24 02:26:40 handler shutting down...
[INFO][handler.go:72] 2022/08/24 02:26:40 connection closed: 127.0.0.1:5428
[INFO][handler.go:110] 2022/08/24 02:26:40 handler shutting down...
[INFO][server.go:39] 2022/08/24 02:26:43 start listen
[INFO][server.go:66] 2022/08/24 02:26:45 accepted link
[INFO][server.go:49] 2022/08/24 02:29:18 shutting down
[INFO][handler.go:110] 2022/08/24 02:29:18 handler shutting down...
[INFO][handler.go:72] 2022/08/24 02:29:18 connection closed: 127.0.0.1:5436
[INFO][handler.go:110] 2022/08/24 02:29:18 handler shutting down...
[INFO][server.go:39] 2022/08/24 02:29:20 start listen
[INFO][server.go:66] 2022/08/24 02:29:23 accepted link
[INFO][server.go:49] 2022/08/24 02:31:20 shutting down
[INFO][handler.go:110] 2022/08/24 02:31:20 handler shutting down...
[INFO][handler.go:72] 2022/08/24 02:31:20 connection closed: 127.0.0.1:5528
[INFO][handler.go:110] 2022/08/24 02:31:20 handler shutting down...
[INFO][server.go:39] 2022/08/24 02:31:24 start listen
[INFO][server.go:66] 2022/08/24 02:31:25 accepted link
[INFO][handler.go:72] 2022/08/24 02:42:06 connection closed: 127.0.0.1:5599
[INFO][server.go:49] 2022/08/24 11:46:48 shutting down
[INFO][handler.go:110] 2022/08/24 11:46:48 handler shutting down...
[INFO][server.go:39] 2022/08/24 11:49:49 start listen
[INFO][server.go:66] 2022/08/24 11:50:07 accepted link
[INFO][server.go:49] 2022/08/24 13:23:38 shutting down
[INFO][handler.go:110] 2022/08/24 13:23:38 handler shutting down...
[INFO][handler.go:72] 2022/08/24 13:23:38 connection closed: 127.0.0.1:7492
[INFO][handler.go:110] 2022/08/24 13:23:38 handler shutting down...
[INFO][server.go:39] 2022/08/24 13:26:14 start listen
[INFO][server.go:49] 2022/08/24 13:26:33 shutting down
[INFO][handler.go:110] 2022/08/24 13:26:33 handler shutting down...
[INFO][server.go:39] 2022/08/24 13:29:19 start listen
[INFO][server.go:66] 2022/08/24 13:35:55 accepted link
[ERROR][handler.go:88] 2022/08/24 13:43:56 empty payload
[ERROR][handler.go:94] 2022/08/24 13:43:56 require multi bulk reply
[ERROR][handler.go:94] 2022/08/24 13:43:56 require multi bulk reply
[ERROR][handler.go:94] 2022/08/24 13:43:56 require multi bulk reply
[INFO][server.go:49] 2022/08/24 13:44:02 shutting down
[INFO][handler.go:110] 2022/08/24 13:44:02 handler shutting down...
[INFO][handler.go:72] 2022/08/24 13:44:02 connection closed: 127.0.0.1:10389
[INFO][handler.go:110] 2022/08/24 13:44:02 handler shutting down...
[INFO][server.go:39] 2022/08/24 13:44:14 start listen
[INFO][server.go:66] 2022/08/24 13:44:14 accepted link
[ERROR][handler.go:88] 2022/08/24 13:44:18 empty payload
[ERROR][handler.go:94] 2022/08/24 13:44:18 require multi bulk reply
[ERROR][handler.go:94] 2022/08/24 13:44:18 require multi bulk reply
[ERROR][handler.go:94] 2022/08/24 13:44:18 require multi bulk reply
[INFO][server.go:49] 2022/08/24 13:53:16 shutting down
[INFO][handler.go:110] 2022/08/24 13:53:16 handler shutting down...
[INFO][handler.go:72] 2022/08/24 13:53:16 connection closed: 127.0.0.1:10633
[INFO][handler.go:110] 2022/08/24 13:53:16 handler shutting down...
[INFO][server.go:39] 2022/08/24 13:53:19 start listen
[INFO][server.go:66] 2022/08/24 13:53:21 accepted link
[INFO][handler.go:72] 2022/08/24 13:55:27 connection closed: 127.0.0.1:10883
[INFO][server.go:49] 2022/08/24 13:55:37 shutting down
[INFO][handler.go:110] 2022/08/24 13:55:37 handler shutting down...
[INFO][handler.go:110] 2022/08/24 13:55:37 handler shutting down...
