[INFO][server.go:39] 2022/08/05 17:36:22 start listen
[INFO][server.go:66] 2022/08/05 17:36:42 accepted link
[ERROR][handler.go:88] 2022/08/05 17:37:46 empty payload
[ERROR][handler.go:94] 2022/08/05 17:37:46 require multi bulk reply
[INFO][server.go:66] 2022/08/05 17:39:08 accepted link
[INFO][server.go:49] 2022/08/05 17:42:59 shutting down
[INFO][handler.go:110] 2022/08/05 17:42:59 handler shutting down...
[INFO][echo_database.go:22] 2022/08/05 17:42:59 EchoDatabase AfterClientClose
[INFO][handler.go:72] 2022/08/05 17:42:59 connection closed: 127.0.0.1:9321
[INFO][echo_database.go:22] 2022/08/05 17:42:59 EchoDatabase AfterClientClose
[INFO][handler.go:72] 2022/08/05 17:42:59 connection closed: 127.0.0.1:9379
[INFO][handler.go:110] 2022/08/05 17:42:59 handler shutting down...
[INFO][echo_database.go:26] 2022/08/05 17:42:59 EchoDatabase Close
[INFO][server.go:39] 2022/08/05 17:43:01 start listen
[INFO][server.go:66] 2022/08/05 17:43:05 accepted link
[INFO][server.go:66] 2022/08/05 17:43:05 accepted link
[INFO][server.go:66] 2022/08/05 17:43:17 accepted link
[INFO][server.go:49] 2022/08/05 17:43:55 shutting down
[INFO][handler.go:110] 2022/08/05 17:43:55 handler shutting down...
[INFO][echo_database.go:21] 2022/08/05 17:43:55 EchoDatabase AfterClientClose
[INFO][handler.go:72] 2022/08/05 17:43:55 connection closed: 127.0.0.1:9484
[INFO][echo_database.go:21] 2022/08/05 17:43:55 EchoDatabase AfterClientClose
[INFO][handler.go:72] 2022/08/05 17:43:55 connection closed: 127.0.0.1:9483
[INFO][echo_database.go:21] 2022/08/05 17:43:55 EchoDatabase AfterClientClose
[INFO][handler.go:72] 2022/08/05 17:43:55 connection closed: 127.0.0.1:9494
[INFO][handler.go:110] 2022/08/05 17:43:55 handler shutting down...
[INFO][echo_database.go:25] 2022/08/05 17:43:55 EchoDatabase Close
[INFO][server.go:39] 2022/08/05 17:43:56 start listen
[INFO][server.go:66] 2022/08/05 17:43:59 accepted link
[INFO][server.go:66] 2022/08/05 17:44:00 accepted link
[INFO][server.go:66] 2022/08/05 17:44:00 accepted link
[INFO][server.go:49] 2022/08/05 17:44:46 shutting down
[INFO][handler.go:110] 2022/08/05 17:44:46 handler shutting down...
[INFO][echo_database.go:21] 2022/08/05 17:44:46 EchoDatabase AfterClientClose
[INFO][handler.go:72] 2022/08/05 17:44:46 connection closed: 127.0.0.1:9514
[INFO][echo_database.go:21] 2022/08/05 17:44:46 EchoDatabase AfterClientClose
[INFO][handler.go:72] 2022/08/05 17:44:46 connection closed: 127.0.0.1:9515
[INFO][echo_database.go:25] 2022/08/05 17:44:46 EchoDatabase Close
[INFO][echo_database.go:21] 2022/08/05 17:44:46 EchoDatabase AfterClientClose
[INFO][handler.go:72] 2022/08/05 17:44:46 connection closed: 127.0.0.1:9516
[INFO][handler.go:110] 2022/08/05 17:44:46 handler shutting down...
[INFO][echo_database.go:25] 2022/08/05 17:44:46 EchoDatabase Close
